c:\users\irisdogg\documents\visual studio 2017\projects\openglcourseapp\openglcourseapp\x64\debug\vc141.pdb
c:\users\irisdogg\documents\visual studio 2017\projects\openglcourseapp\openglcourseapp\x64\debug\vc141.idb
c:\users\irisdogg\documents\visual studio 2017\projects\openglcourseapp\openglcourseapp\x64\debug\window.obj
c:\users\irisdogg\documents\visual studio 2017\projects\openglcourseapp\openglcourseapp\x64\debug\texture.obj
c:\users\irisdogg\documents\visual studio 2017\projects\openglcourseapp\openglcourseapp\x64\debug\shader.obj
c:\users\irisdogg\documents\visual studio 2017\projects\openglcourseapp\openglcourseapp\x64\debug\mesh.obj
c:\users\irisdogg\documents\visual studio 2017\projects\openglcourseapp\openglcourseapp\x64\debug\material.obj
c:\users\irisdogg\documents\visual studio 2017\projects\openglcourseapp\openglcourseapp\x64\debug\main.obj
c:\users\irisdogg\documents\visual studio 2017\projects\openglcourseapp\openglcourseapp\x64\debug\light.obj
c:\users\irisdogg\documents\visual studio 2017\projects\openglcourseapp\openglcourseapp\x64\debug\camera.obj
c:\users\irisdogg\documents\visual studio 2017\projects\openglcourseapp\x64\debug\openglcourseapp.pdb
c:\users\irisdogg\documents\visual studio 2017\projects\openglcourseapp\openglcourseapp\x64\debug\openglcourseapp.tlog\cl.command.1.tlog
c:\users\irisdogg\documents\visual studio 2017\projects\openglcourseapp\openglcourseapp\x64\debug\openglcourseapp.tlog\cl.read.1.tlog
c:\users\irisdogg\documents\visual studio 2017\projects\openglcourseapp\openglcourseapp\x64\debug\openglcourseapp.tlog\cl.write.1.tlog
c:\users\irisdogg\documents\visual studio 2017\projects\openglcourseapp\openglcourseapp\x64\debug\openglcourseapp.tlog\link-cvtres.read.1.tlog
c:\users\irisdogg\documents\visual studio 2017\projects\openglcourseapp\openglcourseapp\x64\debug\openglcourseapp.tlog\link-cvtres.write.1.tlog
c:\users\irisdogg\documents\visual studio 2017\projects\openglcourseapp\openglcourseapp\x64\debug\openglcourseapp.tlog\link-rc.read.1.tlog
c:\users\irisdogg\documents\visual studio 2017\projects\openglcourseapp\openglcourseapp\x64\debug\openglcourseapp.tlog\link-rc.write.1.tlog
c:\users\irisdogg\documents\visual studio 2017\projects\openglcourseapp\openglcourseapp\x64\debug\openglcourseapp.tlog\link.command.1.tlog
c:\users\irisdogg\documents\visual studio 2017\projects\openglcourseapp\openglcourseapp\x64\debug\openglcourseapp.tlog\link.read.1.tlog
c:\users\irisdogg\documents\visual studio 2017\projects\openglcourseapp\openglcourseapp\x64\debug\openglcourseapp.tlog\link.write.1.tlog
